[0m22:36:42.790787 [debug] [MainThread]: Sending event: {'category': 'dbt', 'action': 'invocation', 'label': 'start', 'context': [<snowplow_tracker.self_describing_json.SelfDescribingJson object at 0x7dfcbffd1af0>, <snowplow_tracker.self_describing_json.SelfDescribingJson object at 0x7dfcc05572f0>, <snowplow_tracker.self_describing_json.SelfDescribingJson object at 0x7dfcc21d1400>]}


============================== 22:36:42.795185 | 6d559480-6d40-4417-9e44-b9c50752ca41 ==============================
[0m22:36:42.795185 [info ] [MainThread]: Running with dbt=1.10.13
[0m22:36:42.795962 [debug] [MainThread]: running dbt with arguments {'static_parser': 'True', 'quiet': 'False', 'introspect': 'True', 'warn_error_options': 'WarnErrorOptionsV2(error=[], warn=[], silence=[])', 'use_experimental_parser': 'False', 'target_path': 'None', 'warn_error': 'None', 'no_print': 'None', 'log_format': 'default', 'write_json': 'True', 'profiles_dir': '/home/codespace/.dbt', 'send_anonymous_usage_stats': 'True', 'fail_fast': 'False', 'indirect_selection': 'eager', 'empty': 'None', 'log_path': 'logs', 'use_colors': 'True', 'partial_parse': 'True', 'version_check': 'True', 'printer_width': '80', 'log_cache_events': 'False', 'invocation_command': 'dbt init dbt', 'cache_selected_only': 'False', 'debug': 'False'}
[0m22:36:42.805166 [info ] [MainThread]: Creating dbt configuration folder at /home/codespace/.dbt
[0m22:40:48.466361 [debug] [MainThread]: Starter project path: /workspaces/DataEngineering_Walmart_ETL_Using_Dbt/.venv/lib/python3.12/site-packages/dbt/include/starter_project
[0m22:40:48.470615 [info ] [MainThread]: 
Your new dbt project "dbt_walmart" was created!

For more information on how to configure the profiles.yml file,
please consult the dbt documentation here:

  https://docs.getdbt.com/docs/configure-your-profile

One more thing:

Need help? Don't hesitate to reach out to us via GitHub issues or on Slack:

  https://community.getdbt.com/

Happy modeling!

[0m22:40:48.471364 [info ] [MainThread]: Setting up your profile.
[0m22:45:28.906204 [info ] [MainThread]: Profile dbt_walmart written to /home/codespace/.dbt/profiles.yml using target's profile_template.yml and your supplied values. Run 'dbt debug' to validate the connection.
[0m22:45:28.909242 [debug] [MainThread]: Resource report: {"command_name": "init", "command_success": true, "command_wall_clock_time": 526.19385, "process_in_blocks": "168", "process_kernel_time": 0.197011, "process_mem_max_rss": "122988", "process_out_blocks": "88", "process_user_time": 1.731558}
[0m22:45:28.910091 [debug] [MainThread]: Command `dbt init` succeeded at 22:45:28.909966 after 526.19 seconds
[0m22:45:28.910737 [debug] [MainThread]: Sending event: {'category': 'dbt', 'action': 'invocation', 'label': 'end', 'context': [<snowplow_tracker.self_describing_json.SelfDescribingJson object at 0x7dfcc3bc3620>, <snowplow_tracker.self_describing_json.SelfDescribingJson object at 0x7dfcbe15e6f0>, <snowplow_tracker.self_describing_json.SelfDescribingJson object at 0x7dfcbe33ec90>]}
[0m22:45:28.911298 [debug] [MainThread]: Flushing usage events
[0m22:45:29.203451 [debug] [MainThread]: An error was encountered while trying to flush usage events
